<?xml version="1.0" encoding="UTF-8"?>
<!-- Generated by org.testng.reporters.JUnitXMLReporter -->
<testsuite ignored="0" hostname="DESKTOP-KG418EV" failures="0" tests="1" name="Run on Firefox" time="0.636" errors="0" timestamp="06 Nov 2023 05:23:47 GMT">
  <testcase classname="com.nopcommerce.grid.Level_23_Grid" name="@BeforeClass beforeClass" time="0.0">
    <failure type="org.testng.TestNGException" message="
Parameter &amp;apos;env&amp;apos; is required by BeforeClass on method beforeClass but has not been marked @Optional or defined
in D:\Automation Test\03 Maven Hybrid Framework\maven-hybrid-framework\src\test\resources\runNopcommerceTest_Grid.xml">
      <![CDATA[org.testng.TestNGException: 
Parameter 'env' is required by BeforeClass on method beforeClass but has not been marked @Optional or defined
in D:\Automation Test\03 Maven Hybrid Framework\maven-hybrid-framework\src\test\resources\runNopcommerceTest_Grid.xml
... Removed 23 stack frames]]>
    </failure>
  </testcase> <!-- @BeforeClass beforeClass -->
  <testcase classname="commons.BaseTest" name="@AfterClass afterClass" time="0.013">
    <failure type="java.lang.NullPointerException" message="Cannot invoke &amp;quot;String.isEmpty()&amp;quot; because &amp;quot;command&amp;quot; is null">
      <![CDATA[java.lang.NullPointerException: Cannot invoke "String.isEmpty()" because "command" is null
at java.base/java.lang.Runtime.exec(Runtime.java:411)
at java.base/java.lang.Runtime.exec(Runtime.java:315)
at commons.BaseTest.closeBrowserDriver(BaseTest.java:325)
at commons.BaseTest.afterClass(BaseTest.java:287)
... Removed 26 stack frames]]>
    </failure>
  </testcase> <!-- @AfterClass afterClass -->
  <testcase classname="com.nopcommerce.grid.Level_23_Grid" name="User_01_Register" time="0.0">
    <skipped/>
  </testcase> <!-- User_01_Register -->
</testsuite> <!-- Run on Firefox -->
