<?xml version="1.0" encoding="UTF-8"?>
<testng-results ignored="0" total="1" passed="1" failed="0" skipped="0">
  <reporter-output>
  </reporter-output>
  <suite started-at="2023-10-27T08:30:56Z" name="NopCommerce" finished-at="2023-10-27T08:31:04Z" duration-ms="8756">
    <groups>
    </groups>
    <test started-at="2023-10-27T08:30:56Z" name="Run on Firefox" finished-at="2023-10-27T08:31:04Z" duration-ms="8756">
      <class name="com.nopcommerce.user.Level_20_Fake_Data_P3_External_Json">
        <test-method is-config="true" signature="beforeClass(java.lang.String)[pri:0, instance:com.nopcommerce.user.Level_20_Fake_Data_P3_External_Json@32120956]" started-at="2023-10-27T08:30:56Z" name="beforeClass" finished-at="2023-10-27T08:31:01Z" duration-ms="5102" status="PASS">
          <params>
            <param index="0">
              <value>
                <![CDATA[firefox]]>
              </value>
            </param>
          </params>
          <reporter-output>
          </reporter-output>
        </test-method> <!-- beforeClass -->
        <test-method signature="User_01_Register(java.lang.reflect.Method)[pri:0, instance:com.nopcommerce.user.Level_20_Fake_Data_P3_External_Json@32120956]" started-at="2023-10-27T08:31:01Z" name="User_01_Register" finished-at="2023-10-27T08:31:03Z" duration-ms="2497" status="PASS">
          <params>
            <param index="0">
              <value>
                <![CDATA[public void com.nopcommerce.user.Level_20_Fake_Data_P3_External_Json.User_01_Register(java.lang.reflect.Method)]]>
              </value>
            </param>
          </params>
          <reporter-output>
          </reporter-output>
        </test-method> <!-- User_01_Register -->
        <test-method is-config="true" signature="afterClass()[pri:0, instance:com.nopcommerce.user.Level_20_Fake_Data_P3_External_Json@32120956]" started-at="2023-10-27T08:31:03Z" name="afterClass" finished-at="2023-10-27T08:31:04Z" duration-ms="1032" status="PASS">
          <reporter-output>
          </reporter-output>
        </test-method> <!-- afterClass -->
      </class> <!-- com.nopcommerce.user.Level_20_Fake_Data_P3_External_Json -->
    </test> <!-- Run on Firefox -->
  </suite> <!-- NopCommerce -->
</testng-results>
